build/app/intermediates/manifest_merge_blame_file/release/manifest-merger-blame-release-report.txt
1<?xml version="1.0" encoding="utf-8"?>
2<manifest xmlns:android="http://schemas.android.com/apk/res/android"
3    package="org.idreameducation.iprepapp"
4    android:versionCode="130"
5    android:versionName="1.3.0" >
6
7    <uses-sdk
8        android:minSdkVersion="21"
8-->src/main/AndroidManifest.xml
9        android:targetSdkVersion="33" />
9-->src/main/AndroidManifest.xml
10
11    <uses-permission android:name="com.google.android.gms.permission.AD_ID" />
11-->src/main/AndroidManifest.xml:71:5-79
11-->src/main/AndroidManifest.xml:71:22-76
12    <uses-permission android:name="android.permission.INTERNET" />
12-->src/main/AndroidManifest.xml:72:5-67
12-->src/main/AndroidManifest.xml:72:22-64
13    <uses-permission android:name="android.permission.ACCESS_FINE_LOCATION" />
13-->src/main/AndroidManifest.xml:73:5-79
13-->src/main/AndroidManifest.xml:73:22-76
14    <uses-permission android:name="android.permission.ACCESS_COARSE_LOCATION" />
14-->src/main/AndroidManifest.xml:74:5-81
14-->src/main/AndroidManifest.xml:74:22-78
15    <!-- <uses-permission android:name="android.permission.ACCESS_BACKGROUND_LOCATION" /> -->
16    <uses-permission android:name="android.permission.READ_EXTERNAL_STORAGE" />
16-->src/main/AndroidManifest.xml:76:5-80
16-->src/main/AndroidManifest.xml:76:22-77
17    <uses-permission android:name="android.permission.WRITE_EXTERNAL_STORAGE" />
17-->src/main/AndroidManifest.xml:77:5-81
17-->src/main/AndroidManifest.xml:77:22-78
18    <uses-permission android:name="android.permission.CAMERA" />
18-->src/main/AndroidManifest.xml:78:5-65
18-->src/main/AndroidManifest.xml:78:22-62
19    <uses-permission android:name="android.permission.FLASHLIGHT" />
19-->src/main/AndroidManifest.xml:79:5-69
19-->src/main/AndroidManifest.xml:79:22-66
20    <uses-permission android:name="android.permission.POST_NOTIFICATIONS" />
20-->src/main/AndroidManifest.xml:80:5-76
20-->src/main/AndroidManifest.xml:80:22-74
21    <uses-permission android:name="android.permission.WAKE_LOCK" />
21-->[:firebase_messaging] AndroidManifest.xml:8:5-68
21-->[:firebase_messaging] AndroidManifest.xml:8:22-65
22    <uses-permission android:name="android.permission.ACCESS_NETWORK_STATE" />
22-->[:firebase_messaging] AndroidManifest.xml:9:5-79
22-->[:firebase_messaging] AndroidManifest.xml:9:22-76
23    <uses-permission android:name="android.permission.FOREGROUND_SERVICE" />
23-->[:geolocator_android] AndroidManifest.xml:7:5-77
23-->[:geolocator_android] AndroidManifest.xml:7:22-74
24    <uses-permission android:name="android.permission.RECEIVE_BOOT_COMPLETED" />
24-->[:flutter_local_notifications] AndroidManifest.xml:7:5-81
24-->[:flutter_local_notifications] AndroidManifest.xml:7:22-78
25    <uses-permission android:name="android.permission.VIBRATE" />
25-->[:flutter_local_notifications] AndroidManifest.xml:8:5-66
25-->[:flutter_local_notifications] AndroidManifest.xml:8:22-63
26    <uses-permission android:name="android.permission.USE_FULL_SCREEN_INTENT" />
26-->[:flutter_local_notifications] AndroidManifest.xml:9:5-81
26-->[:flutter_local_notifications] AndroidManifest.xml:9:22-78
27    <uses-permission android:name="android.permission.SCHEDULE_EXACT_ALARM" />
27-->[:flutter_local_notifications] AndroidManifest.xml:10:5-79
27-->[:flutter_local_notifications] AndroidManifest.xml:10:22-76
28
29    <queries>
29-->[com.google.firebase:firebase-inappmessaging-display:20.3.0] AndroidManifest.xml:12:5-18:15
30        <intent>
30-->[com.google.firebase:firebase-inappmessaging-display:20.3.0] AndroidManifest.xml:13:9-17:18
31            <action android:name="android.intent.action.VIEW" />
31-->src/main/AndroidManifest.xml:43:17-69
31-->src/main/AndroidManifest.xml:43:25-66
32
33            <data android:scheme="https" />
33-->src/main/AndroidManifest.xml:45:17-47:45
33-->src/main/AndroidManifest.xml:47:21-42
34        </intent>
35        <intent>
35-->[com.android.billingclient:billing:5.1.0] AndroidManifest.xml:17:9-19:18
36            <action android:name="com.android.vending.billing.InAppBillingService.BIND" />
36-->[com.android.billingclient:billing:5.1.0] AndroidManifest.xml:18:13-91
36-->[com.android.billingclient:billing:5.1.0] AndroidManifest.xml:18:21-88
37        </intent>
38    </queries> <!-- Required by older versions of Google Play services to create IID tokens -->
39    <uses-permission android:name="com.google.android.c2dm.permission.RECEIVE" />
39-->[com.google.firebase:firebase-messaging:23.1.1] AndroidManifest.xml:28:5-82
39-->[com.google.firebase:firebase-messaging:23.1.1] AndroidManifest.xml:28:22-79
40    <uses-permission android:name="com.google.android.finsky.permission.BIND_GET_INSTALL_REFERRER_SERVICE" />
40-->[com.google.android.gms:play-services-measurement:21.2.0] AndroidManifest.xml:26:5-110
40-->[com.google.android.gms:play-services-measurement:21.2.0] AndroidManifest.xml:26:22-107
41
42    <permission
42-->[androidx.core:core:1.9.0] AndroidManifest.xml:22:5-24:47
43        android:name="org.idreameducation.iprepapp.DYNAMIC_RECEIVER_NOT_EXPORTED_PERMISSION"
43-->[androidx.core:core:1.9.0] AndroidManifest.xml:23:9-81
44        android:protectionLevel="signature" />
44-->[androidx.core:core:1.9.0] AndroidManifest.xml:24:9-44
45
46    <uses-permission android:name="org.idreameducation.iprepapp.DYNAMIC_RECEIVER_NOT_EXPORTED_PERMISSION" />
46-->[androidx.core:core:1.9.0] AndroidManifest.xml:26:5-97
46-->[androidx.core:core:1.9.0] AndroidManifest.xml:26:22-94
47    <uses-permission android:name="com.android.vending.BILLING" />
47-->[com.android.billingclient:billing:5.1.0] AndroidManifest.xml:10:5-67
47-->[com.android.billingclient:billing:5.1.0] AndroidManifest.xml:10:22-64
48    <!--
49 io.flutter.app.FlutterApplication is an android.app.Application that
50         calls FlutterMain.startInitialization(this); in its onCreate method.
51         In most cases you can leave this as-is, but you if you want to provide
52         additional functionality it is fine to subclass or reimplement
53         FlutterApplication and put your custom class here.
54    -->
55    <!-- <application -->
56    <!-- android:name="io.flutter.app.FlutterApplication" -->
57    <!-- android:requestLegacyExternalStorage="true" -->
58    <!-- android:label="iPrep" -->
59    <!-- android:icon="@mipmap/ic_launcher"> -->
60    <application
61        android:name="android.app.Application"
61-->src/main/AndroidManifest.xml:18:9-42
62        android:appComponentFactory="androidx.core.app.CoreComponentFactory"
62-->[androidx.core:core:1.9.0] AndroidManifest.xml:28:18-86
63        android:icon="@mipmap/ic_launcher"
63-->src/main/AndroidManifest.xml:19:9-43
64        android:label="iPrep"
64-->src/main/AndroidManifest.xml:20:9-30
65        android:largeHeap="true"
65-->src/main/AndroidManifest.xml:17:9-33
66        android:usesCleartextTraffic="true" >
66-->src/main/AndroidManifest.xml:21:9-44
67        <activity
67-->src/main/AndroidManifest.xml:24:9-60:20
68            android:name="org.idreameducation.iprepapp.MainActivity"
68-->src/main/AndroidManifest.xml:25:13-41
69            android:configChanges="orientation|keyboardHidden|keyboard|screenSize|smallestScreenSize|locale|layoutDirection|fontScale|screenLayout|density|uiMode"
69-->src/main/AndroidManifest.xml:26:13-163
70            android:exported="true"
70-->src/main/AndroidManifest.xml:27:13-36
71            android:hardwareAccelerated="true"
71-->src/main/AndroidManifest.xml:28:13-47
72            android:launchMode="singleTop"
72-->src/main/AndroidManifest.xml:29:13-43
73            android:theme="@style/LaunchTheme"
73-->src/main/AndroidManifest.xml:30:13-47
74            android:windowSoftInputMode="adjustResize" >
74-->src/main/AndroidManifest.xml:31:13-55
75            <meta-data
75-->src/main/AndroidManifest.xml:33:13-35:57
76                android:name="io.flutter.embedding.android.NormalTheme"
76-->src/main/AndroidManifest.xml:34:17-72
77                android:resource="@style/NormalTheme" />
77-->src/main/AndroidManifest.xml:35:17-54
78
79            <!-- Deep linking -->
80            <meta-data
80-->src/main/AndroidManifest.xml:38:13-40:40
81                android:name="flutter_deeplinking_enabled"
81-->src/main/AndroidManifest.xml:39:17-59
82                android:value="true" />
82-->src/main/AndroidManifest.xml:40:17-37
83
84            <intent-filter android:autoVerify="true" >
84-->src/main/AndroidManifest.xml:42:13-49:29
84-->src/main/AndroidManifest.xml:42:28-53
85                <action android:name="android.intent.action.VIEW" />
85-->src/main/AndroidManifest.xml:43:17-69
85-->src/main/AndroidManifest.xml:43:25-66
86
87                <category android:name="android.intent.category.LAUNCHER" />
87-->src/main/AndroidManifest.xml:44:17-77
87-->src/main/AndroidManifest.xml:44:27-74
88
89                <data
89-->src/main/AndroidManifest.xml:45:17-47:45
90                    android:host="iprepteacher.page.link"
90-->src/main/AndroidManifest.xml:46:21-58
91                    android:scheme="http" />
91-->src/main/AndroidManifest.xml:47:21-42
92                <data android:scheme="https" />
92-->src/main/AndroidManifest.xml:45:17-47:45
92-->src/main/AndroidManifest.xml:47:21-42
93            </intent-filter>
94            <intent-filter>
94-->src/main/AndroidManifest.xml:52:13-55:29
95                <action android:name="android.intent.action.MAIN" />
95-->src/main/AndroidManifest.xml:53:17-69
95-->src/main/AndroidManifest.xml:53:25-66
96
97                <category android:name="android.intent.category.LAUNCHER" />
97-->src/main/AndroidManifest.xml:44:17-77
97-->src/main/AndroidManifest.xml:44:27-74
98            </intent-filter>
99            <intent-filter>
99-->src/main/AndroidManifest.xml:56:13-59:29
100                <action android:name="FLUTTER_NOTIFICATION_CLICK" />
100-->src/main/AndroidManifest.xml:57:17-69
100-->src/main/AndroidManifest.xml:57:25-66
101
102                <category android:name="android.intent.category.DEFAULT" />
102-->src/main/AndroidManifest.xml:58:17-76
102-->src/main/AndroidManifest.xml:58:27-73
103            </intent-filter>
104        </activity>
105        <activity
105-->src/main/AndroidManifest.xml:61:9-64:72
106            android:name="com.yalantis.ucrop.UCropActivity"
106-->src/main/AndroidManifest.xml:62:13-60
107            android:screenOrientation="portrait"
107-->src/main/AndroidManifest.xml:63:13-49
108            android:theme="@style/Theme.AppCompat.Light.NoActionBar" />
108-->src/main/AndroidManifest.xml:64:13-69
109
110        <meta-data
110-->src/main/AndroidManifest.xml:66:9-68:33
111            android:name="flutterEmbedding"
111-->src/main/AndroidManifest.xml:67:13-44
112            android:value="2" />
112-->src/main/AndroidManifest.xml:68:13-30
113
114        <service
114-->[:firebase_database] AndroidManifest.xml:8:9-12:19
115            android:name="com.google.firebase.components.ComponentDiscoveryService"
115-->[:firebase_database] AndroidManifest.xml:8:18-89
116            android:directBootAware="true"
116-->[com.google.firebase:firebase-common:20.3.0] AndroidManifest.xml:34:13-43
117            android:exported="false" >
117-->[com.google.firebase:firebase-inappmessaging-display:20.3.0] AndroidManifest.xml:23:13-37
118            <meta-data
118-->[:firebase_database] AndroidManifest.xml:9:13-11:85
119                android:name="com.google.firebase.components:io.flutter.plugins.firebase.database.FlutterFirebaseAppRegistrar"
119-->[:firebase_database] AndroidManifest.xml:10:17-127
120                android:value="com.google.firebase.components.ComponentRegistrar" />
120-->[:firebase_database] AndroidManifest.xml:11:17-82
121            <meta-data
121-->[:firebase_messaging] AndroidManifest.xml:36:13-38:85
122                android:name="com.google.firebase.components:io.flutter.plugins.firebase.messaging.FlutterFirebaseAppRegistrar"
122-->[:firebase_messaging] AndroidManifest.xml:37:17-128
123                android:value="com.google.firebase.components.ComponentRegistrar" />
123-->[:firebase_messaging] AndroidManifest.xml:38:17-82
124            <meta-data
124-->[:cloud_firestore] AndroidManifest.xml:9:13-11:85
125                android:name="com.google.firebase.components:io.flutter.plugins.firebase.firestore.FlutterFirebaseFirestoreRegistrar"
125-->[:cloud_firestore] AndroidManifest.xml:10:17-134
126                android:value="com.google.firebase.components.ComponentRegistrar" />
126-->[:cloud_firestore] AndroidManifest.xml:11:17-82
127            <meta-data
127-->[:firebase_dynamic_links] AndroidManifest.xml:11:13-13:85
128                android:name="com.google.firebase.components:io.flutter.plugins.firebase.dynamiclinks.FlutterFirebaseAppRegistrar"
128-->[:firebase_dynamic_links] AndroidManifest.xml:12:17-131
129                android:value="com.google.firebase.components.ComponentRegistrar" />
129-->[:firebase_dynamic_links] AndroidManifest.xml:13:17-82
130            <meta-data
130-->[:firebase_analytics] AndroidManifest.xml:13:13-15:85
131                android:name="com.google.firebase.components:io.flutter.plugins.firebase.analytics.FlutterFirebaseAppRegistrar"
131-->[:firebase_analytics] AndroidManifest.xml:14:17-128
132                android:value="com.google.firebase.components.ComponentRegistrar" />
132-->[:firebase_analytics] AndroidManifest.xml:15:17-82
133            <meta-data
133-->[:firebase_auth] AndroidManifest.xml:9:13-11:85
134                android:name="com.google.firebase.components:io.flutter.plugins.firebase.auth.FlutterFirebaseAuthRegistrar"
134-->[:firebase_auth] AndroidManifest.xml:10:17-124
135                android:value="com.google.firebase.components.ComponentRegistrar" />
135-->[:firebase_auth] AndroidManifest.xml:11:17-82
136            <meta-data
136-->[:firebase_in_app_messaging] AndroidManifest.xml:9:13-11:85
137                android:name="com.google.firebase.components:io.flutter.plugins.firebase.inappmessaging.FlutterFirebaseAppRegistrar"
137-->[:firebase_in_app_messaging] AndroidManifest.xml:10:17-133
138                android:value="com.google.firebase.components.ComponentRegistrar" />
138-->[:firebase_in_app_messaging] AndroidManifest.xml:11:17-82
139            <meta-data
139-->[:firebase_storage] AndroidManifest.xml:9:13-11:85
140                android:name="com.google.firebase.components:io.flutter.plugins.firebase.storage.FlutterFirebaseAppRegistrar"
140-->[:firebase_storage] AndroidManifest.xml:10:17-126
141                android:value="com.google.firebase.components.ComponentRegistrar" />
141-->[:firebase_storage] AndroidManifest.xml:11:17-82
142            <meta-data
142-->[:firebase_core] AndroidManifest.xml:9:13-11:85
143                android:name="com.google.firebase.components:io.flutter.plugins.firebase.core.FlutterFirebaseCoreRegistrar"
143-->[:firebase_core] AndroidManifest.xml:10:17-124
144                android:value="com.google.firebase.components.ComponentRegistrar" />
144-->[:firebase_core] AndroidManifest.xml:11:17-82
145            <meta-data
145-->[com.google.firebase:firebase-inappmessaging-display:20.3.0] AndroidManifest.xml:24:13-26:85
146                android:name="com.google.firebase.components:com.google.firebase.inappmessaging.display.FirebaseInAppMessagingDisplayRegistrar"
146-->[com.google.firebase:firebase-inappmessaging-display:20.3.0] AndroidManifest.xml:25:17-144
147                android:value="com.google.firebase.components.ComponentRegistrar" />
147-->[com.google.firebase:firebase-inappmessaging-display:20.3.0] AndroidManifest.xml:26:17-82
148            <meta-data
148-->[com.google.firebase:firebase-messaging:23.1.1] AndroidManifest.xml:55:13-57:85
149                android:name="com.google.firebase.components:com.google.firebase.messaging.FirebaseMessagingRegistrar"
149-->[com.google.firebase:firebase-messaging:23.1.1] AndroidManifest.xml:56:17-119
150                android:value="com.google.firebase.components.ComponentRegistrar" />
150-->[com.google.firebase:firebase-messaging:23.1.1] AndroidManifest.xml:57:17-82
151            <meta-data
151-->[com.google.firebase:firebase-inappmessaging:20.3.0] AndroidManifest.xml:16:13-18:85
152                android:name="com.google.firebase.components:com.google.firebase.inappmessaging.FirebaseInAppMessagingRegistrar"
152-->[com.google.firebase:firebase-inappmessaging:20.3.0] AndroidManifest.xml:17:17-129
153                android:value="com.google.firebase.components.ComponentRegistrar" />
153-->[com.google.firebase:firebase-inappmessaging:20.3.0] AndroidManifest.xml:18:17-82
154            <meta-data
154-->[com.google.firebase:firebase-datatransport:18.1.7] AndroidManifest.xml:27:13-29:85
155                android:name="com.google.firebase.components:com.google.firebase.datatransport.TransportRegistrar"
155-->[com.google.firebase:firebase-datatransport:18.1.7] AndroidManifest.xml:28:17-115
156                android:value="com.google.firebase.components.ComponentRegistrar" />
156-->[com.google.firebase:firebase-datatransport:18.1.7] AndroidManifest.xml:29:17-82
157            <meta-data
157-->[com.google.firebase:firebase-auth:21.1.0] AndroidManifest.xml:67:13-69:85
158                android:name="com.google.firebase.components:com.google.firebase.auth.FirebaseAuthRegistrar"
158-->[com.google.firebase:firebase-auth:21.1.0] AndroidManifest.xml:68:17-109
159                android:value="com.google.firebase.components.ComponentRegistrar" />
159-->[com.google.firebase:firebase-auth:21.1.0] AndroidManifest.xml:69:17-82
160            <meta-data
160-->[com.google.firebase:firebase-firestore:24.4.3] AndroidManifest.xml:19:13-21:85
161                android:name="com.google.firebase.components:com.google.firebase.firestore.FirestoreRegistrar"
161-->[com.google.firebase:firebase-firestore:24.4.3] AndroidManifest.xml:20:17-111
162                android:value="com.google.firebase.components.ComponentRegistrar" />
162-->[com.google.firebase:firebase-firestore:24.4.3] AndroidManifest.xml:21:17-82
163            <meta-data
163-->[com.google.firebase:firebase-dynamic-links:21.1.0] AndroidManifest.xml:26:13-28:85
164                android:name="com.google.firebase.components:com.google.firebase.dynamiclinks.internal.FirebaseDynamicLinkRegistrar"
164-->[com.google.firebase:firebase-dynamic-links:21.1.0] AndroidManifest.xml:27:17-133
165                android:value="com.google.firebase.components.ComponentRegistrar" />
165-->[com.google.firebase:firebase-dynamic-links:21.1.0] AndroidManifest.xml:28:17-82
166            <meta-data
166-->[com.google.firebase:firebase-storage:20.1.0] AndroidManifest.xml:32:13-34:85
167                android:name="com.google.firebase.components:com.google.firebase.storage.StorageRegistrar"
167-->[com.google.firebase:firebase-storage:20.1.0] AndroidManifest.xml:33:17-107
168                android:value="com.google.firebase.components.ComponentRegistrar" />
168-->[com.google.firebase:firebase-storage:20.1.0] AndroidManifest.xml:34:17-82
169            <meta-data
169-->[com.google.firebase:firebase-database:20.1.0] AndroidManifest.xml:31:13-33:85
170                android:name="com.google.firebase.components:com.google.firebase.database.DatabaseRegistrar"
170-->[com.google.firebase:firebase-database:20.1.0] AndroidManifest.xml:32:17-109
171                android:value="com.google.firebase.components.ComponentRegistrar" />
171-->[com.google.firebase:firebase-database:20.1.0] AndroidManifest.xml:33:17-82
172            <meta-data
172-->[com.google.firebase:firebase-iid:21.1.0] AndroidManifest.xml:32:13-34:85
173                android:name="com.google.firebase.components:com.google.firebase.iid.Registrar"
173-->[com.google.firebase:firebase-iid:21.1.0] AndroidManifest.xml:33:17-96
174                android:value="com.google.firebase.components.ComponentRegistrar" />
174-->[com.google.firebase:firebase-iid:21.1.0] AndroidManifest.xml:34:17-82
175            <meta-data
175-->[com.google.android.gms:play-services-measurement-api:21.2.0] AndroidManifest.xml:31:13-33:85
176                android:name="com.google.firebase.components:com.google.firebase.analytics.connector.internal.AnalyticsConnectorRegistrar"
176-->[com.google.android.gms:play-services-measurement-api:21.2.0] AndroidManifest.xml:32:17-139
177                android:value="com.google.firebase.components.ComponentRegistrar" />
177-->[com.google.android.gms:play-services-measurement-api:21.2.0] AndroidManifest.xml:33:17-82
178            <meta-data
178-->[com.google.firebase:firebase-installations:17.1.2] AndroidManifest.xml:17:13-19:85
179                android:name="com.google.firebase.components:com.google.firebase.installations.FirebaseInstallationsRegistrar"
179-->[com.google.firebase:firebase-installations:17.1.2] AndroidManifest.xml:18:17-127
180                android:value="com.google.firebase.components.ComponentRegistrar" />
180-->[com.google.firebase:firebase-installations:17.1.2] AndroidManifest.xml:19:17-82
181            <meta-data
181-->[com.google.firebase:firebase-abt:21.1.0] AndroidManifest.xml:12:13-14:85
182                android:name="com.google.firebase.components:com.google.firebase.abt.component.AbtRegistrar"
182-->[com.google.firebase:firebase-abt:21.1.0] AndroidManifest.xml:13:17-109
183                android:value="com.google.firebase.components.ComponentRegistrar" />
183-->[com.google.firebase:firebase-abt:21.1.0] AndroidManifest.xml:14:17-82
184        </service>
185        <service
185-->[:firebase_messaging] AndroidManifest.xml:14:9-17:72
186            android:name="io.flutter.plugins.firebase.messaging.FlutterFirebaseMessagingBackgroundService"
186-->[:firebase_messaging] AndroidManifest.xml:15:13-107
187            android:exported="false"
187-->[:firebase_messaging] AndroidManifest.xml:16:13-37
188            android:permission="android.permission.BIND_JOB_SERVICE" />
188-->[:firebase_messaging] AndroidManifest.xml:17:13-69
189        <service
189-->[:firebase_messaging] AndroidManifest.xml:18:9-24:19
190            android:name="io.flutter.plugins.firebase.messaging.FlutterFirebaseMessagingService"
190-->[:firebase_messaging] AndroidManifest.xml:19:13-97
191            android:exported="false" >
191-->[:firebase_messaging] AndroidManifest.xml:20:13-37
192            <intent-filter>
192-->[:firebase_messaging] AndroidManifest.xml:21:13-23:29
193                <action android:name="com.google.firebase.MESSAGING_EVENT" />
193-->[:firebase_messaging] AndroidManifest.xml:22:17-78
193-->[:firebase_messaging] AndroidManifest.xml:22:25-75
194            </intent-filter>
195        </service>
196
197        <receiver
197-->[:firebase_messaging] AndroidManifest.xml:26:9-33:20
198            android:name="io.flutter.plugins.firebase.messaging.FlutterFirebaseMessagingReceiver"
198-->[:firebase_messaging] AndroidManifest.xml:27:13-98
199            android:exported="true"
199-->[:firebase_messaging] AndroidManifest.xml:28:13-36
200            android:permission="com.google.android.c2dm.permission.SEND" >
200-->[:firebase_messaging] AndroidManifest.xml:29:13-73
201            <intent-filter>
201-->[:firebase_messaging] AndroidManifest.xml:30:13-32:29
202                <action android:name="com.google.android.c2dm.intent.RECEIVE" />
202-->[:firebase_messaging] AndroidManifest.xml:31:17-81
202-->[:firebase_messaging] AndroidManifest.xml:31:25-78
203            </intent-filter>
204        </receiver>
205
206        <provider
206-->[:firebase_messaging] AndroidManifest.xml:41:9-45:38
207            android:name="io.flutter.plugins.firebase.messaging.FlutterFirebaseMessagingInitProvider"
207-->[:firebase_messaging] AndroidManifest.xml:42:13-102
208            android:authorities="org.idreameducation.iprepapp.flutterfirebasemessaginginitprovider"
208-->[:firebase_messaging] AndroidManifest.xml:43:13-88
209            android:exported="false"
209-->[:firebase_messaging] AndroidManifest.xml:44:13-37
210            android:initOrder="99" />
210-->[:firebase_messaging] AndroidManifest.xml:45:13-35
211
212        <service
212-->[:geolocator_android] AndroidManifest.xml:10:9-14:56
213            android:name="com.baseflow.geolocator.GeolocatorLocationService"
213-->[:geolocator_android] AndroidManifest.xml:11:13-77
214            android:enabled="true"
214-->[:geolocator_android] AndroidManifest.xml:12:13-35
215            android:exported="false"
215-->[:geolocator_android] AndroidManifest.xml:13:13-37
216            android:foregroundServiceType="location" />
216-->[:geolocator_android] AndroidManifest.xml:14:13-53
217
218        <receiver
218-->[:flutter_local_notifications] AndroidManifest.xml:14:9-16:40
219            android:name="com.dexterous.flutterlocalnotifications.ActionBroadcastReceiver"
219-->[:flutter_local_notifications] AndroidManifest.xml:15:13-91
220            android:exported="false" />
220-->[:flutter_local_notifications] AndroidManifest.xml:16:13-37
221        <receiver
221-->[:flutter_local_notifications] AndroidManifest.xml:17:9-19:40
222            android:name="com.dexterous.flutterlocalnotifications.ScheduledNotificationReceiver"
222-->[:flutter_local_notifications] AndroidManifest.xml:18:13-97
223            android:exported="false" />
223-->[:flutter_local_notifications] AndroidManifest.xml:19:13-37
224        <receiver
224-->[:flutter_local_notifications] AndroidManifest.xml:20:9-29:20
225            android:name="com.dexterous.flutterlocalnotifications.ScheduledNotificationBootReceiver"
225-->[:flutter_local_notifications] AndroidManifest.xml:21:13-101
226            android:exported="false" >
226-->[:flutter_local_notifications] AndroidManifest.xml:22:13-37
227            <intent-filter>
227-->[:flutter_local_notifications] AndroidManifest.xml:23:13-28:29
228                <action android:name="android.intent.action.BOOT_COMPLETED" />
228-->[:flutter_local_notifications] AndroidManifest.xml:24:17-79
228-->[:flutter_local_notifications] AndroidManifest.xml:24:25-76
229                <action android:name="android.intent.action.MY_PACKAGE_REPLACED" />
229-->[:flutter_local_notifications] AndroidManifest.xml:25:17-84
229-->[:flutter_local_notifications] AndroidManifest.xml:25:25-81
230                <action android:name="android.intent.action.QUICKBOOT_POWERON" />
230-->[:flutter_local_notifications] AndroidManifest.xml:26:17-82
230-->[:flutter_local_notifications] AndroidManifest.xml:26:25-79
231                <action android:name="com.htc.intent.action.QUICKBOOT_POWERON" />
231-->[:flutter_local_notifications] AndroidManifest.xml:27:17-82
231-->[:flutter_local_notifications] AndroidManifest.xml:27:25-79
232            </intent-filter>
233        </receiver>
234
235        <provider
235-->[:share] AndroidManifest.xml:8:9-16:20
236            android:name="io.flutter.plugins.share.ShareFileProvider"
236-->[:share] AndroidManifest.xml:9:13-70
237            android:authorities="org.idreameducation.iprepapp.flutter.share_provider"
237-->[:share] AndroidManifest.xml:10:13-74
238            android:exported="false"
238-->[:share] AndroidManifest.xml:11:13-37
239            android:grantUriPermissions="true" >
239-->[:share] AndroidManifest.xml:12:13-47
240            <meta-data
240-->[:share] AndroidManifest.xml:13:13-15:68
241                android:name="android.support.FILE_PROVIDER_PATHS"
241-->[:share] AndroidManifest.xml:14:17-67
242                android:resource="@xml/flutter_share_file_paths" />
242-->[:share] AndroidManifest.xml:15:17-65
243        </provider>
244        <provider
244-->[:image_picker_android] AndroidManifest.xml:8:9-16:20
245            android:name="io.flutter.plugins.imagepicker.ImagePickerFileProvider"
245-->[:image_picker_android] AndroidManifest.xml:9:13-82
246            android:authorities="org.idreameducation.iprepapp.flutter.image_provider"
246-->[:image_picker_android] AndroidManifest.xml:10:13-74
247            android:exported="false"
247-->[:image_picker_android] AndroidManifest.xml:11:13-37
248            android:grantUriPermissions="true" >
248-->[:image_picker_android] AndroidManifest.xml:12:13-47
249            <meta-data
249-->[:share] AndroidManifest.xml:13:13-15:68
250                android:name="android.support.FILE_PROVIDER_PATHS"
250-->[:share] AndroidManifest.xml:14:17-67
251                android:resource="@xml/flutter_image_picker_file_paths" />
251-->[:share] AndroidManifest.xml:15:17-65
252        </provider>
253
254        <activity
254-->[:url_launcher_android] AndroidManifest.xml:8:9-11:74
255            android:name="io.flutter.plugins.urllauncher.WebViewActivity"
255-->[:url_launcher_android] AndroidManifest.xml:9:13-74
256            android:exported="false"
256-->[:url_launcher_android] AndroidManifest.xml:10:13-37
257            android:theme="@android:style/Theme.NoTitleBar.Fullscreen" />
257-->[:url_launcher_android] AndroidManifest.xml:11:13-71
258
259        <uses-library
259-->[androidx.window:window:1.0.0-beta04] AndroidManifest.xml:25:9-27:40
260            android:name="androidx.window.extensions"
260-->[androidx.window:window:1.0.0-beta04] AndroidManifest.xml:26:13-54
261            android:required="false" />
261-->[androidx.window:window:1.0.0-beta04] AndroidManifest.xml:27:13-37
262        <uses-library
262-->[androidx.window:window:1.0.0-beta04] AndroidManifest.xml:28:9-30:40
263            android:name="androidx.window.sidecar"
263-->[androidx.window:window:1.0.0-beta04] AndroidManifest.xml:29:13-51
264            android:required="false" />
264-->[androidx.window:window:1.0.0-beta04] AndroidManifest.xml:30:13-37
265
266        <receiver
266-->[com.google.firebase:firebase-messaging:23.1.1] AndroidManifest.xml:31:9-38:20
267            android:name="com.google.firebase.iid.FirebaseInstanceIdReceiver"
267-->[com.google.firebase:firebase-messaging:23.1.1] AndroidManifest.xml:32:13-78
268            android:exported="true"
268-->[com.google.firebase:firebase-messaging:23.1.1] AndroidManifest.xml:33:13-36